# JRE version: Java(TM) SE Runtime Environment (8.0_181-b13) (build 1.8.0_181-b13)
# Java VM: Java HotSpot(TM) 64-Bit Server VM (25.181-b13 mixed mode windows-amd64 compressed oops)
Heap:
 PSYoungGen      total 308224K, used 88668K [0x000000076b580000, 0x0000000786500000, 0x00000007c0000000)
  eden space 284160K, 22% used [0x000000076b580000,0x000000076f497790,0x000000077cb00000)
  from space 24064K, 99% used [0x000000077cb00000,0x000000077e27fb38,0x000000077e280000)
  to   space 29184K, 0% used [0x0000000784880000,0x0000000784880000,0x0000000786500000)
 ParOldGen       total 158208K, used 32494K [0x00000006c2000000, 0x00000006cba80000, 0x000000076b580000)
  object space 158208K, 20% used [0x00000006c2000000,0x00000006c3fbbac8,0x00000006cba80000)
 Metaspace       used 52389K, capacity 54978K, committed 55296K, reserved 1097728K
  class space    used 7100K, capacity 7579K, committed 7680K, reserved 1048576K
GC Heap History (10 events):
Event: 8.029 GC heap before
{Heap before GC invocations=9 (full 2):
 PSYoungGen      total 165376K, used 152064K [0x000000076b580000, 0x0000000778200000, 0x00000007c0000000)
  eden space 152064K, 100% used [0x000000076b580000,0x0000000774a00000,0x0000000774a00000)
  from space 13312K, 0% used [0x0000000775800000,0x0000000775800000,0x0000000776500000)
  to   space 14336K, 0% used [0x0000000774a00000,0x0000000774a00000,0x0000000775800000)
 ParOldGen       total 158208K, used 16632K [0x00000006c2000000, 0x00000006cba80000, 0x000000076b580000)
  object space 158208K, 10% used [0x00000006c2000000,0x00000006c303e078,0x00000006cba80000)
 Metaspace       used 37730K, capacity 38998K, committed 39168K, reserved 1083392K
  class space    used 5118K, capacity 5367K, committed 5376K, reserved 1048576K
Event: 8.036 GC heap after
Heap after GC invocations=9 (full 2):
 PSYoungGen      total 166400K, used 8737K [0x000000076b580000, 0x000000077ae00000, 0x00000007c0000000)
  eden space 152064K, 0% used [0x000000076b580000,0x000000076b580000,0x0000000774a00000)
  from space 14336K, 60% used [0x0000000774a00000,0x00000007752886a0,0x0000000775800000)
  to   space 13312K, 0% used [0x000000077a100000,0x000000077a100000,0x000000077ae00000)
 ParOldGen       total 158208K, used 16640K [0x00000006c2000000, 0x00000006cba80000, 0x000000076b580000)
  object space 158208K, 10% used [0x00000006c2000000,0x00000006c3040078,0x00000006cba80000)
 Metaspace       used 37730K, capacity 38998K, committed 39168K, reserved 1083392K
  class space    used 5118K, capacity 5367K, committed 5376K, reserved 1048576K
}
Event: 8.867 GC heap before
{Heap before GC invocations=10 (full 2):
 PSYoungGen      total 166400K, used 160801K [0x000000076b580000, 0x000000077ae00000, 0x00000007c0000000)
  eden space 152064K, 100% used [0x000000076b580000,0x0000000774a00000,0x0000000774a00000)
  from space 14336K, 60% used [0x0000000774a00000,0x00000007752886a0,0x0000000775800000)
  to   space 13312K, 0% used [0x000000077a100000,0x000000077a100000,0x000000077ae00000)
 ParOldGen       total 158208K, used 16640K [0x00000006c2000000, 0x00000006cba80000, 0x000000076b580000)
  object space 158208K, 10% used [0x00000006c2000000,0x00000006c3040078,0x00000006cba80000)
 Metaspace       used 43033K, capacity 44630K, committed 44800K, reserved 1087488K
  class space    used 5775K, capacity 6073K, committed 6144K, reserved 1048576K
Event: 8.877 GC heap after
Heap after GC invocations=10 (full 2):
 PSYoungGen      total 238080K, used 13310K [0x000000076b580000, 0x000000077b680000, 0x00000007c0000000)
  eden space 224768K, 0% used [0x000000076b580000,0x000000076b580000,0x0000000779100000)
  from space 13312K, 99% used [0x000000077a100000,0x000000077adff938,0x000000077ae00000)
  to   space 16384K, 0% used [0x0000000779100000,0x0000000779100000,0x000000077a100000)
 ParOldGen       total 158208K, used 19889K [0x00000006c2000000, 0x00000006cba80000, 0x000000076b580000)
  object space 158208K, 12% used [0x00000006c2000000,0x00000006c336c5a8,0x00000006cba80000)
 Metaspace       used 43033K, capacity 44630K, committed 44800K, reserved 1087488K
  class space    used 5775K, capacity 6073K, committed 6144K, reserved 1048576K
}
Event: 12.451 GC heap before
{Heap before GC invocations=11 (full 2):
 PSYoungGen      total 238080K, used 238078K [0x000000076b580000, 0x000000077b680000, 0x00000007c0000000)
  eden space 224768K, 100% used [0x000000076b580000,0x0000000779100000,0x0000000779100000)
  from space 13312K, 99% used [0x000000077a100000,0x000000077adff938,0x000000077ae00000)
  to   space 16384K, 0% used [0x0000000779100000,0x0000000779100000,0x000000077a100000)
 ParOldGen       total 158208K, used 19889K [0x00000006c2000000, 0x00000006cba80000, 0x000000076b580000)
  object space 158208K, 12% used [0x00000006c2000000,0x00000006c336c5a8,0x00000006cba80000)
 Metaspace       used 45502K, capacity 47384K, committed 47616K, reserved 1089536K
  class space    used 6172K, capacity 6540K, committed 6656K, reserved 1048576K
Event: 12.463 GC heap after
Heap after GC invocations=11 (full 2):
 PSYoungGen      total 241152K, used 16354K [0x000000076b580000, 0x000000077f600000, 0x00000007c0000000)
  eden space 224768K, 0% used [0x000000076b580000,0x000000076b580000,0x0000000779100000)
  from space 16384K, 99% used [0x0000000779100000,0x000000077a0f8b70,0x000000077a100000)
  to   space 19968K, 0% used [0x000000077e280000,0x000000077e280000,0x000000077f600000)
 ParOldGen       total 158208K, used 23777K [0x00000006c2000000, 0x00000006cba80000, 0x000000076b580000)
  object space 158208K, 15% used [0x00000006c2000000,0x00000006c3738578,0x00000006cba80000)
 Metaspace       used 45502K, capacity 47384K, committed 47616K, reserved 1089536K
  class space    used 6172K, capacity 6540K, committed 6656K, reserved 1048576K
}
Event: 13.457 GC heap before
{Heap before GC invocations=12 (full 2):
 PSYoungGen      total 241152K, used 241122K [0x000000076b580000, 0x000000077f600000, 0x00000007c0000000)
  eden space 224768K, 100% used [0x000000076b580000,0x0000000779100000,0x0000000779100000)
  from space 16384K, 99% used [0x0000000779100000,0x000000077a0f8b70,0x000000077a100000)
  to   space 19968K, 0% used [0x000000077e280000,0x000000077e280000,0x000000077f600000)
 ParOldGen       total 158208K, used 23777K [0x00000006c2000000, 0x00000006cba80000, 0x000000076b580000)
  object space 158208K, 15% used [0x00000006c2000000,0x00000006c3738578,0x00000006cba80000)
 Metaspace       used 47872K, capacity 49988K, committed 50176K, reserved 1093632K
  class space    used 6476K, capacity 6880K, committed 6912K, reserved 1048576K
Event: 13.477 GC heap after
Heap after GC invocations=12 (full 2):
 PSYoungGen      total 304128K, used 19938K [0x000000076b580000, 0x0000000780880000, 0x00000007c0000000)
  eden space 284160K, 0% used [0x000000076b580000,0x000000076b580000,0x000000077cb00000)
  from space 19968K, 99% used [0x000000077e280000,0x000000077f5f8b70,0x000000077f600000)
  to   space 24064K, 0% used [0x000000077cb00000,0x000000077cb00000,0x000000077e280000)
 ParOldGen       total 158208K, used 28577K [0x00000006c2000000, 0x00000006cba80000, 0x000000076b580000)
  object space 158208K, 18% used [0x00000006c2000000,0x00000006c3be8408,0x00000006cba80000)
 Metaspace       used 47872K, capacity 49988K, committed 50176K, reserved 1093632K
  class space    used 6476K, capacity 6880K, committed 6912K, reserved 1048576K
}
Event: 14.697 GC heap before
{Heap before GC invocations=13 (full 2):
 PSYoungGen      total 304128K, used 304098K [0x000000076b580000, 0x0000000780880000, 0x00000007c0000000)
  eden space 284160K, 100% used [0x000000076b580000,0x000000077cb00000,0x000000077cb00000)
  from space 19968K, 99% used [0x000000077e280000,0x000000077f5f8b70,0x000000077f600000)
  to   space 24064K, 0% used [0x000000077cb00000,0x000000077cb00000,0x000000077e280000)
 ParOldGen       total 158208K, used 28577K [0x00000006c2000000, 0x00000006cba80000, 0x000000076b580000)
  object space 158208K, 18% used [0x00000006c2000000,0x00000006c3be8408,0x00000006cba80000)
 Metaspace       used 50529K, capacity 52940K, committed 53248K, reserved 1095680K
  class space    used 6864K, capacity 7302K, committed 7424K, reserved 1048576K
Event: 14.718 GC heap after
Heap after GC invocations=13 (full 2):
 PSYoungGen      total 308224K, used 24062K [0x000000076b580000, 0x0000000786500000, 0x00000007c0000000)
  eden space 284160K, 0% used [0x000000076b580000,0x000000076b580000,0x000000077cb00000)
  from space 24064K, 99% used [0x000000077cb00000,0x000000077e27fb38,0x000000077e280000)
  to   space 29184K, 0% used [0x0000000784880000,0x0000000784880000,0x0000000786500000)
 ParOldGen       total 158208K, used 32494K [0x00000006c2000000, 0x00000006cba80000, 0x000000076b580000)
  object space 158208K, 20% used [0x00000006c2000000,0x00000006c3fbbac8,0x00000006cba80000)
 Metaspace       used 50529K, capacity 52940K, committed 53248K, reserved 1095680K
  class space    used 6864K, capacity 7302K, committed 7424K, reserved 1048576K
}

